<?xml version="1.0" encoding="UTF-8"?>
<!-- Generated by org.testng.reporters.JUnitReportReporter -->
<testsuite skipped="0" hostname="VAIO" name="dataprovider.DataProviderPractice" tests="2" failures="0" timestamp="08 Sep 2019 17:41:56 GMT" time="9.917" errors="0">
  <testcase name="testleaf" time="5.669" classname="dataprovider.DataProviderPractice"/>
  <testcase name="testleaf" time="4.248" classname="dataprovider.DataProviderPractice"/>
</testsuite> <!-- dataprovider.DataProviderPractice -->
