<?xml version="1.0" encoding="UTF-8"?>
<!-- Generated by org.testng.reporters.JUnitReportReporter -->
<testsuite skipped="0" hostname="VAIO" name="parameterization.ParamaterPractice" tests="1" failures="0" timestamp="08 Sep 2019 04:13:41 GMT" time="4.282" errors="0">
  <testcase name="testleaf" time="4.282" classname="parameterization.ParamaterPractice"/>
</testsuite> <!-- parameterization.ParamaterPractice -->
